[21:14:18] [main/INFO]: Loading Minecraft 1.20.4 with Fabric Loader 0.15.1
[21:14:18] [main/INFO]: Loading 4 mods:
	- fabricloader 0.15.1
	   \-- mixinextras 0.3.1
	- java 17
	- minecraft 1.20.4
[21:14:18] [main/INFO]: SpongePowered MIXIN Subsystem Version=0.8.5 Source=file:/home/runner/work/actions-minecraft-server/actions-minecraft-server/libraries/net/fabricmc/sponge-mixin/0.12.5+mixin.0.8.5/sponge-mixin-0.12.5+mixin.0.8.5.jar Service=Knot/Fabric Env=SERVER
[21:14:23] [main/INFO]: Environment: Environment[sessionHost=https://sessionserver.mojang.com, servicesHost=https://api.minecraftservices.com, name=PROD]
[21:14:24] [main/INFO]: No existing world data, creating new world
[21:14:25] [main/INFO]: Loaded 7 recipes
[21:14:25] [main/INFO]: Loaded 1271 advancements
[21:14:25] [Server thread/INFO]: Starting minecraft server version 1.20.4
[21:14:25] [Server thread/INFO]: Loading properties
[21:14:25] [Server thread/INFO]: Default game type: SURVIVAL
[21:14:25] [Server thread/INFO]: Generating keypair
[21:14:26] [Server thread/INFO]: Starting Minecraft server on *:25565
[21:14:26] [Server thread/INFO]: Using epoll channel type
[21:14:26] [Server thread/INFO]: Preparing level "world"
[21:14:31] [Server thread/INFO]: Preparing start region for dimension minecraft:overworld
[21:14:32] [Worker-Main-3/INFO]: Preparing spawn area: 0%
[21:14:32] [Worker-Main-3/INFO]: Preparing spawn area: 0%
[21:14:32] [Worker-Main-3/INFO]: Preparing spawn area: 0%
[21:14:32] [Worker-Main-2/INFO]: Preparing spawn area: 0%
[21:14:33] [Worker-Main-1/INFO]: Preparing spawn area: 0%
[21:14:33] [Worker-Main-2/INFO]: Preparing spawn area: 1%
[21:14:34] [Worker-Main-2/INFO]: Preparing spawn area: 2%
[21:14:34] [Worker-Main-2/INFO]: Preparing spawn area: 3%
[21:14:35] [Worker-Main-3/INFO]: Preparing spawn area: 4%
[21:14:35] [Worker-Main-1/INFO]: Preparing spawn area: 5%
[21:14:36] [Worker-Main-3/INFO]: Preparing spawn area: 6%
[21:14:36] [Worker-Main-2/INFO]: Preparing spawn area: 9%
[21:14:37] [Worker-Main-3/INFO]: Preparing spawn area: 10%
[21:14:37] [Worker-Main-1/INFO]: Preparing spawn area: 13%
[21:14:38] [Worker-Main-1/INFO]: Preparing spawn area: 15%
[21:14:38] [Worker-Main-1/INFO]: Preparing spawn area: 15%
[21:14:39] [Worker-Main-2/INFO]: Preparing spawn area: 18%
[21:14:39] [Worker-Main-2/INFO]: Preparing spawn area: 21%
[21:14:40] [Worker-Main-3/INFO]: Preparing spawn area: 22%
[21:14:40] [Worker-Main-1/INFO]: Preparing spawn area: 25%
[21:14:41] [Worker-Main-3/INFO]: Preparing spawn area: 28%
[21:14:41] [Worker-Main-1/INFO]: Preparing spawn area: 30%
[21:14:42] [Worker-Main-3/INFO]: Preparing spawn area: 31%
[21:14:42] [Worker-Main-1/INFO]: Preparing spawn area: 34%
[21:14:43] [Worker-Main-3/INFO]: Preparing spawn area: 37%
[21:14:43] [Worker-Main-3/INFO]: Preparing spawn area: 41%
[21:14:44] [Worker-Main-2/INFO]: Preparing spawn area: 42%
[21:14:44] [Worker-Main-1/INFO]: Preparing spawn area: 44%
[21:14:45] [Worker-Main-3/INFO]: Preparing spawn area: 47%
[21:14:45] [Worker-Main-2/INFO]: Preparing spawn area: 51%
[21:14:46] [Worker-Main-2/INFO]: Preparing spawn area: 54%
[21:14:46] [Worker-Main-2/INFO]: Preparing spawn area: 55%
[21:14:47] [Worker-Main-3/INFO]: Preparing spawn area: 59%
[21:14:47] [Worker-Main-1/INFO]: Preparing spawn area: 62%
[21:14:48] [Worker-Main-3/INFO]: Preparing spawn area: 65%
[21:14:48] [Worker-Main-3/INFO]: Preparing spawn area: 68%
[21:14:49] [Worker-Main-2/INFO]: Preparing spawn area: 70%
[21:14:49] [Worker-Main-3/INFO]: Preparing spawn area: 73%
[21:14:50] [Worker-Main-2/INFO]: Preparing spawn area: 75%
[21:14:50] [Worker-Main-3/INFO]: Preparing spawn area: 79%
[21:14:51] [Worker-Main-2/INFO]: Preparing spawn area: 82%
[21:14:51] [Worker-Main-3/INFO]: Preparing spawn area: 85%
[21:14:52] [Worker-Main-3/INFO]: Preparing spawn area: 87%
[21:14:52] [Worker-Main-3/INFO]: Preparing spawn area: 91%
[21:14:53] [Worker-Main-2/INFO]: Preparing spawn area: 93%
[21:14:53] [Worker-Main-2/INFO]: Preparing spawn area: 96%
[21:14:54] [Server thread/INFO]: Time elapsed: 22852 ms
[21:14:54] [Server thread/INFO]: Done (27.913s)! For help, type "help"
